build/app/intermediates/manifest_merge_blame_file/debug/manifest-merger-blame-debug-report.txt
1<?xml version="1.0" encoding="utf-8"?>
2<manifest xmlns:android="http://schemas.android.com/apk/res/android"
3    package="rakwa.turkey.com"
4    android:versionCode="1"
5    android:versionName="1.0.0" >
6
7    <uses-sdk
8        android:minSdkVersion="20"
9        android:targetSdkVersion="31" />
10    <!--
11         The INTERNET permission is required for development. Specifically,
12         the Flutter tool needs it to communicate with the running application
13         to allow setting breakpoints, to provide hot reload, etc.
14    -->
15    <uses-permission android:name="android.permission.INTERNET" />
15-->src/main/AndroidManifest.xml:5:1-63
15-->src/main/AndroidManifest.xml:5:18-60
16    <uses-permission android:name="android.permission.QUERY_ALL_PACKAGES" />
16-->src/main/AndroidManifest.xml:4:1-73
16-->src/main/AndroidManifest.xml:4:18-70
17
18    <queries>
18-->src/main/AndroidManifest.xml:8:1-29:11
19
20        <!-- If your app opens https URLs -->
21        <intent>
21-->src/main/AndroidManifest.xml:10:3-13:12
22            <action android:name="android.intent.action.VIEW" />
22-->src/main/AndroidManifest.xml:11:5-57
22-->src/main/AndroidManifest.xml:11:13-54
23
24            <data android:scheme="https" />
24-->src/main/AndroidManifest.xml:12:5-36
24-->src/main/AndroidManifest.xml:12:11-33
25        </intent>
26        <!-- If your app makes calls -->
27        <intent>
27-->src/main/AndroidManifest.xml:15:3-18:12
28            <action android:name="android.intent.action.DIAL" />
28-->src/main/AndroidManifest.xml:16:5-57
28-->src/main/AndroidManifest.xml:16:13-54
29
30            <data android:scheme="tel" />
30-->src/main/AndroidManifest.xml:12:5-36
30-->src/main/AndroidManifest.xml:12:11-33
31        </intent>
32        <!-- If your sends SMS messages -->
33        <intent>
33-->src/main/AndroidManifest.xml:20:3-23:12
34            <action android:name="android.intent.action.SENDTO" />
34-->src/main/AndroidManifest.xml:21:5-59
34-->src/main/AndroidManifest.xml:21:13-56
35
36            <data android:scheme="smsto" />
36-->src/main/AndroidManifest.xml:12:5-36
36-->src/main/AndroidManifest.xml:12:11-33
37        </intent>
38        <!-- If your app sends emails -->
39        <intent>
39-->src/main/AndroidManifest.xml:25:3-28:12
40            <action android:name="android.intent.action.SEND" />
40-->src/main/AndroidManifest.xml:26:5-57
40-->src/main/AndroidManifest.xml:26:13-54
41
42            <data android:mimeType="*/*" />
42-->src/main/AndroidManifest.xml:12:5-36
43        </intent>
44        <!-- Needs to be explicitly declared on Android R+ -->
45        <package android:name="com.google.android.apps.maps" />
45-->[com.google.android.gms:play-services-maps:18.1.0] AndroidManifest.xml:33:9-64
45-->[com.google.android.gms:play-services-maps:18.1.0] AndroidManifest.xml:33:18-61
46    </queries>
47
48    <uses-permission android:name="android.permission.ACCESS_FINE_LOCATION" />
48-->src/main/AndroidManifest.xml:70:5-79
48-->src/main/AndroidManifest.xml:70:22-76
49    <uses-permission android:name="android.permission.ACCESS_COARSE_LOCATION" />
49-->src/main/AndroidManifest.xml:71:5-81
49-->src/main/AndroidManifest.xml:71:22-78
50    <uses-permission android:name="android.permission.WAKE_LOCK" />
50-->[:firebase_messaging] AndroidManifest.xml:10:5-68
50-->[:firebase_messaging] AndroidManifest.xml:10:22-65
51    <uses-permission android:name="android.permission.ACCESS_NETWORK_STATE" /> <!-- Permissions options for the `notification` group -->
51-->[:firebase_messaging] AndroidManifest.xml:11:5-79
51-->[:firebase_messaging] AndroidManifest.xml:11:22-76
52    <uses-permission android:name="android.permission.POST_NOTIFICATIONS" />
52-->[:firebase_messaging] AndroidManifest.xml:13:5-77
52-->[:firebase_messaging] AndroidManifest.xml:13:22-74
53    <uses-permission android:name="android.permission.FOREGROUND_SERVICE" />
53-->[:geolocator_android] AndroidManifest.xml:9:5-77
53-->[:geolocator_android] AndroidManifest.xml:9:22-74
54    <uses-permission android:name="android.permission.RECEIVE_BOOT_COMPLETED" />
54-->[:flutter_local_notifications] AndroidManifest.xml:9:5-81
54-->[:flutter_local_notifications] AndroidManifest.xml:9:22-78
55    <uses-permission android:name="android.permission.VIBRATE" />
55-->[:flutter_local_notifications] AndroidManifest.xml:10:5-66
55-->[:flutter_local_notifications] AndroidManifest.xml:10:22-63
56    <uses-permission android:name="android.permission.USE_FULL_SCREEN_INTENT" />
56-->[:flutter_local_notifications] AndroidManifest.xml:11:5-81
56-->[:flutter_local_notifications] AndroidManifest.xml:11:22-78
57    <uses-permission android:name="android.permission.SCHEDULE_EXACT_ALARM" /> <!-- Required by older versions of Google Play services to create IID tokens -->
57-->[:flutter_local_notifications] AndroidManifest.xml:12:5-79
57-->[:flutter_local_notifications] AndroidManifest.xml:12:22-76
58    <uses-permission android:name="com.google.android.c2dm.permission.RECEIVE" />
58-->[com.google.firebase:firebase-iid:21.1.0] AndroidManifest.xml:26:5-82
58-->[com.google.firebase:firebase-iid:21.1.0] AndroidManifest.xml:26:22-79
59
60    <uses-feature
60-->[com.google.android.gms:play-services-maps:18.1.0] AndroidManifest.xml:26:5-28:35
61        android:glEsVersion="0x00020000"
61-->[com.google.android.gms:play-services-maps:18.1.0] AndroidManifest.xml:27:9-41
62        android:required="true" />
62-->[com.google.android.gms:play-services-maps:18.1.0] AndroidManifest.xml:28:9-32
63
64    <permission
64-->[androidx.core:core:1.9.0] AndroidManifest.xml:22:5-24:47
65        android:name="rakwa.turkey.com.DYNAMIC_RECEIVER_NOT_EXPORTED_PERMISSION"
65-->[androidx.core:core:1.9.0] AndroidManifest.xml:23:9-81
66        android:protectionLevel="signature" />
66-->[androidx.core:core:1.9.0] AndroidManifest.xml:24:9-44
67
68    <uses-permission android:name="rakwa.turkey.com.DYNAMIC_RECEIVER_NOT_EXPORTED_PERMISSION" />
68-->[androidx.core:core:1.9.0] AndroidManifest.xml:26:5-97
68-->[androidx.core:core:1.9.0] AndroidManifest.xml:26:22-94
69
70    <application
71        android:name="android.app.Application"
72        android:appComponentFactory="androidx.core.app.CoreComponentFactory"
72-->[androidx.core:core:1.9.0] AndroidManifest.xml:28:18-86
73        android:debuggable="true"
74        android:icon="@mipmap/ic_launcher"
75        android:label="rakwa"
76        android:usesCleartextTraffic="true" >
77        <activity
78            android:name="com.example.rakwa.MainActivity"
79            android:configChanges="orientation|keyboardHidden|keyboard|screenSize|smallestScreenSize|locale|layoutDirection|fontScale|screenLayout|density|uiMode"
80            android:exported="true"
81            android:hardwareAccelerated="true"
82            android:launchMode="singleTop"
83            android:theme="@style/LaunchTheme"
84            android:windowSoftInputMode="adjustResize" >
85
86            <!--
87                 Specifies an Android theme to apply to this Activity as soon as
88                 the Android process has started. This theme is visible to the user
89                 while the Flutter UI initializes. After that, this theme continues
90                 to determine the Window background behind the Flutter UI.
91            -->
92            <meta-data
93                android:name="io.flutter.embedding.android.NormalTheme"
94                android:resource="@style/NormalTheme" />
95
96            <intent-filter>
97                <action android:name="android.intent.action.MAIN" />
98
99                <category android:name="android.intent.category.LAUNCHER" />
100            </intent-filter>
101        </activity>
102        <!--
103             Don't delete the meta-data below.
104             This is used by the Flutter tool to generate GeneratedPluginRegistrant.java
105        -->
106        <meta-data
107            android:name="flutterEmbedding"
108            android:value="2" />
109        <meta-data
110            android:name="com.google.firebase.messaging.default_notification_channel_id"
111            android:value="flutter_android_notifications_channel" />
112        <meta-data
113            android:name="com.google.android.geo.API_KEY"
114            android:value="AIzaSyBauBUw7ABmSkqpsx0yLM73Eqehz1guZS0" />
115
116        <service
116-->[:firebase_dynamic_links] AndroidManifest.xml:12:9-16:19
117            android:name="com.google.firebase.components.ComponentDiscoveryService"
117-->[:firebase_dynamic_links] AndroidManifest.xml:12:18-89
118            android:directBootAware="true"
118-->[com.google.firebase:firebase-common:20.2.0] AndroidManifest.xml:34:13-43
119            android:exported="false" >
119-->[com.google.firebase:firebase-iid:21.1.0] AndroidManifest.xml:31:13-37
120            <meta-data
120-->[:firebase_dynamic_links] AndroidManifest.xml:13:13-15:85
121                android:name="com.google.firebase.components:io.flutter.plugins.firebase.dynamiclinks.FlutterFirebaseAppRegistrar"
121-->[:firebase_dynamic_links] AndroidManifest.xml:14:17-131
122                android:value="com.google.firebase.components.ComponentRegistrar" />
122-->[:firebase_dynamic_links] AndroidManifest.xml:15:17-82
123            <meta-data
123-->[:firebase_messaging] AndroidManifest.xml:38:13-40:85
124                android:name="com.google.firebase.components:io.flutter.plugins.firebase.messaging.FlutterFirebaseAppRegistrar"
124-->[:firebase_messaging] AndroidManifest.xml:39:17-128
125                android:value="com.google.firebase.components.ComponentRegistrar" />
125-->[:firebase_messaging] AndroidManifest.xml:40:17-82
126            <meta-data
126-->[:firebase_core] AndroidManifest.xml:11:13-13:85
127                android:name="com.google.firebase.components:io.flutter.plugins.firebase.core.FlutterFirebaseCoreRegistrar"
127-->[:firebase_core] AndroidManifest.xml:12:17-124
128                android:value="com.google.firebase.components.ComponentRegistrar" />
128-->[:firebase_core] AndroidManifest.xml:13:17-82
129            <meta-data
129-->[com.google.firebase:firebase-iid:21.1.0] AndroidManifest.xml:32:13-34:85
130                android:name="com.google.firebase.components:com.google.firebase.iid.Registrar"
130-->[com.google.firebase:firebase-iid:21.1.0] AndroidManifest.xml:33:17-96
131                android:value="com.google.firebase.components.ComponentRegistrar" />
131-->[com.google.firebase:firebase-iid:21.1.0] AndroidManifest.xml:34:17-82
132            <meta-data
132-->[com.google.firebase:firebase-messaging:23.1.0] AndroidManifest.xml:55:13-57:85
133                android:name="com.google.firebase.components:com.google.firebase.messaging.FirebaseMessagingRegistrar"
133-->[com.google.firebase:firebase-messaging:23.1.0] AndroidManifest.xml:56:17-119
134                android:value="com.google.firebase.components.ComponentRegistrar" />
134-->[com.google.firebase:firebase-messaging:23.1.0] AndroidManifest.xml:57:17-82
135            <meta-data
135-->[com.google.firebase:firebase-dynamic-links:21.1.0] AndroidManifest.xml:26:13-28:85
136                android:name="com.google.firebase.components:com.google.firebase.dynamiclinks.internal.FirebaseDynamicLinkRegistrar"
136-->[com.google.firebase:firebase-dynamic-links:21.1.0] AndroidManifest.xml:27:17-133
137                android:value="com.google.firebase.components.ComponentRegistrar" />
137-->[com.google.firebase:firebase-dynamic-links:21.1.0] AndroidManifest.xml:28:17-82
138            <meta-data
138-->[com.google.firebase:firebase-installations:17.1.0] AndroidManifest.xml:17:13-19:85
139                android:name="com.google.firebase.components:com.google.firebase.installations.FirebaseInstallationsRegistrar"
139-->[com.google.firebase:firebase-installations:17.1.0] AndroidManifest.xml:18:17-127
140                android:value="com.google.firebase.components.ComponentRegistrar" />
140-->[com.google.firebase:firebase-installations:17.1.0] AndroidManifest.xml:19:17-82
141            <meta-data
141-->[com.google.firebase:firebase-datatransport:18.1.7] AndroidManifest.xml:27:13-29:85
142                android:name="com.google.firebase.components:com.google.firebase.datatransport.TransportRegistrar"
142-->[com.google.firebase:firebase-datatransport:18.1.7] AndroidManifest.xml:28:17-115
143                android:value="com.google.firebase.components.ComponentRegistrar" />
143-->[com.google.firebase:firebase-datatransport:18.1.7] AndroidManifest.xml:29:17-82
144        </service>
145        <service
145-->[:firebase_messaging] AndroidManifest.xml:16:9-19:72
146            android:name="io.flutter.plugins.firebase.messaging.FlutterFirebaseMessagingBackgroundService"
146-->[:firebase_messaging] AndroidManifest.xml:17:13-107
147            android:exported="false"
147-->[:firebase_messaging] AndroidManifest.xml:18:13-37
148            android:permission="android.permission.BIND_JOB_SERVICE" />
148-->[:firebase_messaging] AndroidManifest.xml:19:13-69
149        <service
149-->[:firebase_messaging] AndroidManifest.xml:20:9-26:19
150            android:name="io.flutter.plugins.firebase.messaging.FlutterFirebaseMessagingService"
150-->[:firebase_messaging] AndroidManifest.xml:21:13-97
151            android:exported="false" >
151-->[:firebase_messaging] AndroidManifest.xml:22:13-37
152            <intent-filter>
152-->[:firebase_messaging] AndroidManifest.xml:23:13-25:29
153                <action android:name="com.google.firebase.MESSAGING_EVENT" />
153-->[:firebase_messaging] AndroidManifest.xml:24:17-78
153-->[:firebase_messaging] AndroidManifest.xml:24:25-75
154            </intent-filter>
155        </service>
156
157        <receiver
157-->[:firebase_messaging] AndroidManifest.xml:28:9-35:20
158            android:name="io.flutter.plugins.firebase.messaging.FlutterFirebaseMessagingReceiver"
158-->[:firebase_messaging] AndroidManifest.xml:29:13-98
159            android:exported="true"
159-->[:firebase_messaging] AndroidManifest.xml:30:13-36
160            android:permission="com.google.android.c2dm.permission.SEND" >
160-->[:firebase_messaging] AndroidManifest.xml:31:13-73
161            <intent-filter>
161-->[:firebase_messaging] AndroidManifest.xml:32:13-34:29
162                <action android:name="com.google.android.c2dm.intent.RECEIVE" />
162-->[:firebase_messaging] AndroidManifest.xml:33:17-81
162-->[:firebase_messaging] AndroidManifest.xml:33:25-78
163            </intent-filter>
164        </receiver>
165
166        <provider
166-->[:firebase_messaging] AndroidManifest.xml:43:9-47:38
167            android:name="io.flutter.plugins.firebase.messaging.FlutterFirebaseMessagingInitProvider"
167-->[:firebase_messaging] AndroidManifest.xml:44:13-102
168            android:authorities="rakwa.turkey.com.flutterfirebasemessaginginitprovider"
168-->[:firebase_messaging] AndroidManifest.xml:45:13-88
169            android:exported="false"
169-->[:firebase_messaging] AndroidManifest.xml:46:13-37
170            android:initOrder="99" />
170-->[:firebase_messaging] AndroidManifest.xml:47:13-35
171
172        <service
172-->[:geolocator_android] AndroidManifest.xml:12:9-16:56
173            android:name="com.baseflow.geolocator.GeolocatorLocationService"
173-->[:geolocator_android] AndroidManifest.xml:13:13-77
174            android:enabled="true"
174-->[:geolocator_android] AndroidManifest.xml:14:13-35
175            android:exported="false"
175-->[:geolocator_android] AndroidManifest.xml:15:13-37
176            android:foregroundServiceType="location" />
176-->[:geolocator_android] AndroidManifest.xml:16:13-53
177
178        <provider
178-->[:image_picker_android] AndroidManifest.xml:10:9-18:20
179            android:name="io.flutter.plugins.imagepicker.ImagePickerFileProvider"
179-->[:image_picker_android] AndroidManifest.xml:11:13-82
180            android:authorities="rakwa.turkey.com.flutter.image_provider"
180-->[:image_picker_android] AndroidManifest.xml:12:13-74
181            android:exported="false"
181-->[:image_picker_android] AndroidManifest.xml:13:13-37
182            android:grantUriPermissions="true" >
182-->[:image_picker_android] AndroidManifest.xml:14:13-47
183            <meta-data
183-->[:image_picker_android] AndroidManifest.xml:15:13-17:75
184                android:name="android.support.FILE_PROVIDER_PATHS"
184-->[:image_picker_android] AndroidManifest.xml:16:17-67
185                android:resource="@xml/flutter_image_picker_file_paths" />
185-->[:image_picker_android] AndroidManifest.xml:17:17-72
186        </provider>
187
188        <receiver
188-->[:flutter_local_notifications] AndroidManifest.xml:16:9-18:40
189            android:name="com.dexterous.flutterlocalnotifications.ActionBroadcastReceiver"
189-->[:flutter_local_notifications] AndroidManifest.xml:17:13-91
190            android:exported="false" />
190-->[:flutter_local_notifications] AndroidManifest.xml:18:13-37
191        <receiver
191-->[:flutter_local_notifications] AndroidManifest.xml:19:9-21:40
192            android:name="com.dexterous.flutterlocalnotifications.ScheduledNotificationReceiver"
192-->[:flutter_local_notifications] AndroidManifest.xml:20:13-97
193            android:exported="false" />
193-->[:flutter_local_notifications] AndroidManifest.xml:21:13-37
194        <receiver
194-->[:flutter_local_notifications] AndroidManifest.xml:22:9-31:20
195            android:name="com.dexterous.flutterlocalnotifications.ScheduledNotificationBootReceiver"
195-->[:flutter_local_notifications] AndroidManifest.xml:23:13-101
196            android:exported="false" >
196-->[:flutter_local_notifications] AndroidManifest.xml:24:13-37
197            <intent-filter>
197-->[:flutter_local_notifications] AndroidManifest.xml:25:13-30:29
198                <action android:name="android.intent.action.BOOT_COMPLETED" />
198-->[:flutter_local_notifications] AndroidManifest.xml:26:17-79
198-->[:flutter_local_notifications] AndroidManifest.xml:26:25-76
199                <action android:name="android.intent.action.MY_PACKAGE_REPLACED" />
199-->[:flutter_local_notifications] AndroidManifest.xml:27:17-84
199-->[:flutter_local_notifications] AndroidManifest.xml:27:25-81
200                <action android:name="android.intent.action.QUICKBOOT_POWERON" />
200-->[:flutter_local_notifications] AndroidManifest.xml:28:17-82
200-->[:flutter_local_notifications] AndroidManifest.xml:28:25-79
201                <action android:name="com.htc.intent.action.QUICKBOOT_POWERON" />
201-->[:flutter_local_notifications] AndroidManifest.xml:29:17-82
201-->[:flutter_local_notifications] AndroidManifest.xml:29:25-79
202            </intent-filter>
203        </receiver>
204
205        <activity
205-->[:url_launcher_android] AndroidManifest.xml:10:9-13:74
206            android:name="io.flutter.plugins.urllauncher.WebViewActivity"
206-->[:url_launcher_android] AndroidManifest.xml:11:13-74
207            android:exported="false"
207-->[:url_launcher_android] AndroidManifest.xml:12:13-37
208            android:theme="@android:style/Theme.NoTitleBar.Fullscreen" />
208-->[:url_launcher_android] AndroidManifest.xml:13:13-71
209        <!--
210           Declares a provider which allows us to store files to share in
211           '.../caches/share_plus' and grant the receiving action access
212        -->
213        <provider
213-->[:share_plus] AndroidManifest.xml:15:9-23:20
214            android:name="dev.fluttercommunity.plus.share.ShareFileProvider"
214-->[:share_plus] AndroidManifest.xml:16:13-77
215            android:authorities="rakwa.turkey.com.flutter.share_provider"
215-->[:share_plus] AndroidManifest.xml:17:13-74
216            android:exported="false"
216-->[:share_plus] AndroidManifest.xml:18:13-37
217            android:grantUriPermissions="true" >
217-->[:share_plus] AndroidManifest.xml:19:13-47
218            <meta-data
218-->[:image_picker_android] AndroidManifest.xml:15:13-17:75
219                android:name="android.support.FILE_PROVIDER_PATHS"
219-->[:image_picker_android] AndroidManifest.xml:16:17-67
220                android:resource="@xml/flutter_share_file_paths" />
220-->[:image_picker_android] AndroidManifest.xml:17:17-72
221        </provider>
222        <!--
223           This manifest declared broadcast receiver allows us to use an explicit
224           Intent when creating a PendingItent to be informed of the user's choice
225        -->
226        <receiver
226-->[:share_plus] AndroidManifest.xml:28:9-34:20
227            android:name="dev.fluttercommunity.plus.share.SharePlusPendingIntent"
227-->[:share_plus] AndroidManifest.xml:29:13-82
228            android:exported="true" >
228-->[:share_plus] AndroidManifest.xml:30:13-36
229            <intent-filter>
229-->[:share_plus] AndroidManifest.xml:31:13-33:29
230                <action android:name="EXTRA_CHOSEN_COMPONENT" />
230-->[:share_plus] AndroidManifest.xml:32:17-65
230-->[:share_plus] AndroidManifest.xml:32:25-62
231            </intent-filter>
232        </receiver>
233
234        <service
234-->[:location] AndroidManifest.xml:13:9-17:56
235            android:name="com.lyokone.location.FlutterLocationService"
235-->[:location] AndroidManifest.xml:14:13-71
236            android:enabled="true"
236-->[:location] AndroidManifest.xml:15:13-35
237            android:exported="false"
237-->[:location] AndroidManifest.xml:16:13-37
238            android:foregroundServiceType="location" />
238-->[:location] AndroidManifest.xml:17:13-53
239
240        <uses-library
240-->[androidx.window:window:1.0.0-beta04] AndroidManifest.xml:25:9-27:40
241            android:name="androidx.window.extensions"
241-->[androidx.window:window:1.0.0-beta04] AndroidManifest.xml:26:13-54
242            android:required="false" />
242-->[androidx.window:window:1.0.0-beta04] AndroidManifest.xml:27:13-37
243        <uses-library
243-->[androidx.window:window:1.0.0-beta04] AndroidManifest.xml:28:9-30:40
244            android:name="androidx.window.sidecar"
244-->[androidx.window:window:1.0.0-beta04] AndroidManifest.xml:29:13-51
245            android:required="false" />
245-->[androidx.window:window:1.0.0-beta04] AndroidManifest.xml:30:13-37
246
247        <receiver
247-->[com.google.firebase:firebase-messaging:23.1.0] AndroidManifest.xml:31:9-38:20
248            android:name="com.google.firebase.iid.FirebaseInstanceIdReceiver"
248-->[com.google.firebase:firebase-messaging:23.1.0] AndroidManifest.xml:32:13-78
249            android:exported="true"
249-->[com.google.firebase:firebase-messaging:23.1.0] AndroidManifest.xml:33:13-36
250            android:permission="com.google.android.c2dm.permission.SEND" >
250-->[com.google.firebase:firebase-messaging:23.1.0] AndroidManifest.xml:34:13-73
251            <intent-filter>
251-->[:firebase_messaging] AndroidManifest.xml:32:13-34:29
252                <action android:name="com.google.android.c2dm.intent.RECEIVE" />
252-->[:firebase_messaging] AndroidManifest.xml:33:17-81
252-->[:firebase_messaging] AndroidManifest.xml:33:25-78
253            </intent-filter>
254        </receiver>
255        <!--
256             FirebaseMessagingService performs security checks at runtime,
257             but set to not exported to explicitly avoid allowing another app to call it.
258        -->
259        <service
259-->[com.google.firebase:firebase-messaging:23.1.0] AndroidManifest.xml:44:9-51:19
260            android:name="com.google.firebase.messaging.FirebaseMessagingService"
260-->[com.google.firebase:firebase-messaging:23.1.0] AndroidManifest.xml:45:13-82
261            android:directBootAware="true"
261-->[com.google.firebase:firebase-messaging:23.1.0] AndroidManifest.xml:46:13-43
262            android:exported="false" >
262-->[com.google.firebase:firebase-messaging:23.1.0] AndroidManifest.xml:47:13-37
263            <intent-filter android:priority="-500" >
263-->[:firebase_messaging] AndroidManifest.xml:23:13-25:29
264                <action android:name="com.google.firebase.MESSAGING_EVENT" />
264-->[:firebase_messaging] AndroidManifest.xml:24:17-78
264-->[:firebase_messaging] AndroidManifest.xml:24:25-75
265            </intent-filter>
266        </service>
267
268        <provider
268-->[com.google.firebase:firebase-common:20.2.0] AndroidManifest.xml:25:9-30:39
269            android:name="com.google.firebase.provider.FirebaseInitProvider"
269-->[com.google.firebase:firebase-common:20.2.0] AndroidManifest.xml:26:13-77
270            android:authorities="rakwa.turkey.com.firebaseinitprovider"
270-->[com.google.firebase:firebase-common:20.2.0] AndroidManifest.xml:27:13-72
271            android:directBootAware="true"
271-->[com.google.firebase:firebase-common:20.2.0] AndroidManifest.xml:28:13-43
272            android:exported="false"
272-->[com.google.firebase:firebase-common:20.2.0] AndroidManifest.xml:29:13-37
273            android:initOrder="100" /> <!-- Needs to be explicitly declared on P+ -->
273-->[com.google.firebase:firebase-common:20.2.0] AndroidManifest.xml:30:13-36
274        <uses-library
274-->[com.google.android.gms:play-services-maps:18.1.0] AndroidManifest.xml:39:9-41:40
275            android:name="org.apache.http.legacy"
275-->[com.google.android.gms:play-services-maps:18.1.0] AndroidManifest.xml:40:13-50
276            android:required="false" />
276-->[com.google.android.gms:play-services-maps:18.1.0] AndroidManifest.xml:41:13-37
277
278        <activity
278-->[com.google.android.gms:play-services-base:18.0.1] AndroidManifest.xml:20:9-22:45
279            android:name="com.google.android.gms.common.api.GoogleApiActivity"
279-->[com.google.android.gms:play-services-base:18.0.1] AndroidManifest.xml:20:19-85
280            android:exported="false"
280-->[com.google.android.gms:play-services-base:18.0.1] AndroidManifest.xml:22:19-43
281            android:theme="@android:style/Theme.Translucent.NoTitleBar" />
281-->[com.google.android.gms:play-services-base:18.0.1] AndroidManifest.xml:21:19-78
282
283        <meta-data
283-->[com.google.android.gms:play-services-basement:18.1.0] AndroidManifest.xml:21:9-23:69
284            android:name="com.google.android.gms.version"
284-->[com.google.android.gms:play-services-basement:18.1.0] AndroidManifest.xml:22:13-58
285            android:value="@integer/google_play_services_version" />
285-->[com.google.android.gms:play-services-basement:18.1.0] AndroidManifest.xml:23:13-66
286
287        <service
287-->[com.google.android.datatransport:transport-backend-cct:3.1.8] AndroidManifest.xml:28:9-34:19
288            android:name="com.google.android.datatransport.runtime.backends.TransportBackendDiscovery"
288-->[com.google.android.datatransport:transport-backend-cct:3.1.8] AndroidManifest.xml:29:13-103
289            android:exported="false" >
289-->[com.google.android.datatransport:transport-backend-cct:3.1.8] AndroidManifest.xml:30:13-37
290            <meta-data
290-->[com.google.android.datatransport:transport-backend-cct:3.1.8] AndroidManifest.xml:31:13-33:39
291                android:name="backend:com.google.android.datatransport.cct.CctBackendFactory"
291-->[com.google.android.datatransport:transport-backend-cct:3.1.8] AndroidManifest.xml:32:17-94
292                android:value="cct" />
292-->[com.google.android.datatransport:transport-backend-cct:3.1.8] AndroidManifest.xml:33:17-36
293        </service>
294        <service
294-->[com.google.android.datatransport:transport-runtime:3.1.8] AndroidManifest.xml:26:9-30:19
295            android:name="com.google.android.datatransport.runtime.scheduling.jobscheduling.JobInfoSchedulerService"
295-->[com.google.android.datatransport:transport-runtime:3.1.8] AndroidManifest.xml:27:13-117
296            android:exported="false"
296-->[com.google.android.datatransport:transport-runtime:3.1.8] AndroidManifest.xml:28:13-37
297            android:permission="android.permission.BIND_JOB_SERVICE" >
297-->[com.google.android.datatransport:transport-runtime:3.1.8] AndroidManifest.xml:29:13-69
298        </service>
299
300        <receiver
300-->[com.google.android.datatransport:transport-runtime:3.1.8] AndroidManifest.xml:32:9-34:40
301            android:name="com.google.android.datatransport.runtime.scheduling.jobscheduling.AlarmManagerSchedulerBroadcastReceiver"
301-->[com.google.android.datatransport:transport-runtime:3.1.8] AndroidManifest.xml:33:13-132
302            android:exported="false" />
302-->[com.google.android.datatransport:transport-runtime:3.1.8] AndroidManifest.xml:34:13-37
303    </application>
304
305</manifest>